{"level":"info","message":"Попытка добавить: {\"landlord_number\":\"+380543523534\",\"landlord_id\":1,\"name\":\"Test1\",\"price\":\"1234\",\"description\":\"Hehe\"}","timestamp":"2025-05-11T16:02:16.025Z"}
{"level":"warn","message":"Добавление не удалось — неполные данные","timestamp":"2025-05-11T16:02:16.027Z"}
{"level":"info","message":"Попытка добавить: {\"landlord_number\":\"+380543523534\",\"landlord_id\":1,\"name\":\"Test1\",\"price\":\"1234\",\"description\":\"Hehedfakjdiojfadoijao\\nFIOSDJoaisdfoijaijfio\\nfjidsajiofjaoijfdioajio\\ndioasfoadjsfjsiodfjosdj\"}","timestamp":"2025-05-11T16:02:33.344Z"}
{"level":"warn","message":"Добавление не удалось — неполные данные","timestamp":"2025-05-11T16:02:33.345Z"}
{"level":"info","message":"Попытка добавить: {\"landlord_number\":\"+380543523534\",\"landlord_id\":1,\"name\":\"Test1\",\"price\":\"1234\",\"description\":\"Hehedfakjdiojfadoijao\\nFIOSDJoaisdfoijaijfio\\nfjidsajiofjaoijfdioajio\\ndioasfoadjsfjsiodfjosdj\"}","timestamp":"2025-05-11T16:04:35.799Z"}
{"level":"info","message":"Успешно добавлен: Test1","timestamp":"2025-05-11T16:04:35.984Z"}
{"level":"info","message":"Данные получены","timestamp":"2025-05-11T16:12:01.896Z"}
{"level":"info","message":"Данные получены","timestamp":"2025-05-11T16:25:05.131Z"}
{"level":"info","message":"Данные получены","timestamp":"2025-05-11T16:25:36.573Z"}
{"level":"info","message":"Данные получены","timestamp":"2025-05-11T16:25:47.072Z"}
{"level":"info","message":"Данные получены","timestamp":"2025-05-11T16:25:47.083Z"}
{"level":"info","message":"Данные получены","timestamp":"2025-05-11T16:26:04.802Z"}
{"level":"info","message":"Данные получены","timestamp":"2025-05-11T16:26:52.473Z"}
{"level":"info","message":"Данные получены","timestamp":"2025-05-11T16:26:59.548Z"}
{"level":"info","message":"Данные получены","timestamp":"2025-05-11T16:27:58.911Z"}
{"level":"info","message":"Данные получены","timestamp":"2025-05-11T16:28:52.643Z"}
{"level":"info","message":"Данные получены","timestamp":"2025-05-11T16:28:52.644Z"}
{"level":"info","message":"Данные получены","timestamp":"2025-05-11T16:29:01.837Z"}
{"level":"info","message":"Данные получены","timestamp":"2025-05-11T16:32:10.845Z"}
{"level":"info","message":"Данные получены","timestamp":"2025-05-11T16:32:10.853Z"}
{"level":"info","message":"Данные получены","timestamp":"2025-05-11T16:32:13.260Z"}
{"level":"info","message":"Данные получены","timestamp":"2025-05-11T16:32:13.261Z"}
{"level":"info","message":"Данные получены","timestamp":"2025-05-11T16:34:19.841Z"}
{"level":"info","message":"Данные получены","timestamp":"2025-05-11T16:34:21.533Z"}
{"level":"info","message":"Данные получены","timestamp":"2025-05-11T16:37:34.571Z"}
{"level":"info","message":"Данные получены","timestamp":"2025-05-11T16:37:34.572Z"}
{"level":"info","message":"Данные получены","timestamp":"2025-05-11T16:38:18.227Z"}
{"level":"info","message":"Данные получены","timestamp":"2025-05-11T16:38:18.229Z"}
{"level":"info","message":"Данные получены","timestamp":"2025-05-11T16:39:01.664Z"}
{"level":"info","message":"Данные получены","timestamp":"2025-05-11T16:39:01.664Z"}
{"level":"info","message":"Данные получены","timestamp":"2025-05-11T16:44:13.940Z"}
{"level":"info","message":"Данные получены","timestamp":"2025-05-11T16:44:13.941Z"}
{"level":"info","message":"Данные получены","timestamp":"2025-05-11T16:44:15.587Z"}
{"level":"info","message":"Данные получены","timestamp":"2025-05-11T16:44:15.587Z"}
{"level":"info","message":"Данные получены","timestamp":"2025-05-11T16:44:39.528Z"}
{"level":"info","message":"Данные получены","timestamp":"2025-05-11T16:46:03.024Z"}
{"level":"info","message":"Данные получены","timestamp":"2025-05-11T16:46:03.025Z"}
{"level":"info","message":"Данные получены","timestamp":"2025-05-11T16:46:05.557Z"}
{"level":"info","message":"Данные получены","timestamp":"2025-05-11T16:46:05.565Z"}
{"level":"info","message":"Данные получены","timestamp":"2025-05-11T16:46:30.375Z"}
{"level":"info","message":"Данные получены","timestamp":"2025-05-11T16:46:30.377Z"}
{"level":"info","message":"Данные получены","timestamp":"2025-05-11T16:46:33.108Z"}
{"level":"info","message":"Данные получены","timestamp":"2025-05-11T16:46:33.115Z"}
{"level":"info","message":"Данные получены","timestamp":"2025-05-11T16:46:40.180Z"}
{"level":"info","message":"Данные получены","timestamp":"2025-05-11T16:46:40.182Z"}
{"level":"info","message":"Данные получены","timestamp":"2025-05-11T16:46:50.547Z"}
{"level":"info","message":"Данные получены","timestamp":"2025-05-11T16:46:50.548Z"}
{"level":"info","message":"Данные получены","timestamp":"2025-05-11T16:47:18.297Z"}
{"level":"info","message":"Данные получены","timestamp":"2025-05-11T16:47:18.298Z"}
{"level":"info","message":"Данные получены","timestamp":"2025-05-11T16:47:33.948Z"}
{"level":"info","message":"Данные получены","timestamp":"2025-05-11T16:47:33.948Z"}
{"level":"info","message":"Данные получены","timestamp":"2025-05-11T16:48:15.444Z"}
{"level":"info","message":"Данные получены","timestamp":"2025-05-11T16:48:15.445Z"}
{"level":"info","message":"Данные получены","timestamp":"2025-05-11T16:48:49.336Z"}
{"level":"info","message":"Данные получены","timestamp":"2025-05-11T16:48:49.337Z"}
{"level":"info","message":"Данные получены","timestamp":"2025-05-11T16:49:12.952Z"}
{"level":"info","message":"Данные получены","timestamp":"2025-05-11T16:49:12.952Z"}
{"level":"info","message":"Данные получены","timestamp":"2025-05-11T16:49:20.144Z"}
{"level":"info","message":"Данные получены","timestamp":"2025-05-11T16:49:20.144Z"}
{"level":"info","message":"Данные получены","timestamp":"2025-05-11T16:49:33.553Z"}
{"level":"info","message":"Данные получены","timestamp":"2025-05-11T16:49:33.554Z"}
{"level":"info","message":"Данные получены","timestamp":"2025-05-11T16:49:44.892Z"}
{"level":"info","message":"Данные получены","timestamp":"2025-05-11T16:49:44.893Z"}
{"level":"info","message":"Данные получены","timestamp":"2025-05-11T16:50:01.762Z"}
{"level":"info","message":"Данные получены","timestamp":"2025-05-11T16:50:01.763Z"}
{"level":"info","message":"Данные получены","timestamp":"2025-05-11T16:50:05.542Z"}
{"level":"info","message":"Данные получены","timestamp":"2025-05-11T16:50:05.543Z"}
{"level":"info","message":"Данные получены","timestamp":"2025-05-11T16:50:46.542Z"}
{"level":"info","message":"Данные получены","timestamp":"2025-05-11T16:50:46.542Z"}
{"level":"info","message":"Данные получены","timestamp":"2025-05-11T16:51:00.955Z"}
{"level":"info","message":"Данные получены","timestamp":"2025-05-11T16:51:00.957Z"}
{"level":"info","message":"Данные получены","timestamp":"2025-05-11T16:51:19.924Z"}
{"level":"info","message":"Данные получены","timestamp":"2025-05-11T16:51:19.924Z"}
{"level":"info","message":"Данные получены","timestamp":"2025-05-11T16:51:27.411Z"}
{"level":"info","message":"Данные получены","timestamp":"2025-05-11T16:51:27.413Z"}
{"level":"info","message":"Данные получены","timestamp":"2025-05-11T16:51:50.926Z"}
{"level":"info","message":"Данные получены","timestamp":"2025-05-11T16:51:50.927Z"}
{"level":"info","message":"Данные получены","timestamp":"2025-05-11T16:52:06.039Z"}
{"level":"info","message":"Данные получены","timestamp":"2025-05-11T16:52:06.039Z"}
{"level":"info","message":"Данные получены","timestamp":"2025-05-11T16:52:12.102Z"}
{"level":"info","message":"Данные получены","timestamp":"2025-05-11T16:52:12.104Z"}
{"level":"info","message":"Данные получены","timestamp":"2025-05-11T16:52:18.184Z"}
{"level":"info","message":"Данные получены","timestamp":"2025-05-11T16:52:18.185Z"}
{"level":"info","message":"Данные получены","timestamp":"2025-05-11T16:52:38.837Z"}
{"level":"info","message":"Данные получены","timestamp":"2025-05-11T16:52:38.838Z"}
{"level":"info","message":"Данные получены","timestamp":"2025-05-11T16:53:11.981Z"}
{"level":"info","message":"Данные получены","timestamp":"2025-05-11T16:53:11.984Z"}
{"level":"info","message":"Данные получены","timestamp":"2025-05-11T16:54:09.358Z"}
{"level":"info","message":"Данные получены","timestamp":"2025-05-11T16:54:12.591Z"}
{"level":"info","message":"Данные получены","timestamp":"2025-05-11T16:54:44.482Z"}
{"level":"info","message":"Данные получены","timestamp":"2025-05-11T16:54:51.252Z"}
{"level":"info","message":"Данные получены","timestamp":"2025-05-11T16:54:51.253Z"}
{"level":"info","message":"Данные получены","timestamp":"2025-05-11T16:56:12.554Z"}
{"level":"info","message":"Данные получены","timestamp":"2025-05-11T16:56:18.012Z"}
{"level":"info","message":"Данные получены","timestamp":"2025-05-11T16:56:18.013Z"}
{"level":"info","message":"Данные получены","timestamp":"2025-05-11T16:56:30.654Z"}
{"level":"info","message":"Данные получены","timestamp":"2025-05-11T16:56:30.655Z"}
{"level":"info","message":"Данные получены","timestamp":"2025-05-11T16:56:32.120Z"}
{"level":"info","message":"Данные получены","timestamp":"2025-05-11T16:56:32.121Z"}
{"level":"info","message":"Данные получены","timestamp":"2025-05-11T16:56:57.282Z"}
{"level":"info","message":"Данные получены","timestamp":"2025-05-11T16:56:57.282Z"}
{"level":"info","message":"Данные получены","timestamp":"2025-05-11T16:57:09.200Z"}
{"level":"info","message":"Данные получены","timestamp":"2025-05-11T16:57:09.200Z"}
{"level":"info","message":"Данные получены","timestamp":"2025-05-11T16:57:17.915Z"}
{"level":"info","message":"Данные получены","timestamp":"2025-05-11T16:57:17.916Z"}
{"level":"info","message":"Данные получены","timestamp":"2025-05-11T16:58:19.895Z"}
{"level":"info","message":"Данные получены","timestamp":"2025-05-11T16:58:19.896Z"}
{"level":"info","message":"Данные получены","timestamp":"2025-05-11T16:58:46.139Z"}
{"level":"info","message":"Данные получены","timestamp":"2025-05-11T16:58:46.139Z"}
{"level":"info","message":"Данные получены","timestamp":"2025-05-11T17:01:33.391Z"}
{"level":"info","message":"Данные получены","timestamp":"2025-05-11T17:01:33.391Z"}
{"level":"info","message":"Данные получены","timestamp":"2025-05-11T17:02:19.226Z"}
{"level":"info","message":"Данные получены","timestamp":"2025-05-11T17:02:19.227Z"}
{"level":"info","message":"Данные получены","timestamp":"2025-05-11T17:03:07.227Z"}
{"level":"info","message":"Данные получены","timestamp":"2025-05-11T17:03:07.228Z"}
{"level":"info","message":"Данные получены","timestamp":"2025-05-11T17:06:11.232Z"}
{"level":"info","message":"Данные получены","timestamp":"2025-05-11T17:06:11.233Z"}
{"level":"info","message":"Данные получены","timestamp":"2025-05-11T17:06:39.217Z"}
{"level":"info","message":"Данные получены","timestamp":"2025-05-11T17:06:39.218Z"}
{"level":"info","message":"Данные получены","timestamp":"2025-05-11T17:06:47.521Z"}
{"level":"info","message":"Данные получены","timestamp":"2025-05-11T17:06:47.524Z"}
{"level":"info","message":"Данные получены","timestamp":"2025-05-11T17:08:19.973Z"}
{"level":"info","message":"Данные получены","timestamp":"2025-05-11T17:08:19.974Z"}
{"level":"info","message":"Данные получены","timestamp":"2025-05-11T17:08:21.483Z"}
{"level":"info","message":"Данные получены","timestamp":"2025-05-11T17:08:21.483Z"}
{"level":"info","message":"Данные получены","timestamp":"2025-05-11T17:08:36.306Z"}
{"level":"info","message":"Данные получены","timestamp":"2025-05-11T17:08:36.307Z"}
{"level":"info","message":"Данные получены","timestamp":"2025-05-11T17:08:56.248Z"}
{"level":"info","message":"Данные получены","timestamp":"2025-05-11T17:08:56.249Z"}
{"level":"info","message":"Данные получены","timestamp":"2025-05-11T17:09:29.083Z"}
{"level":"info","message":"Данные получены","timestamp":"2025-05-11T17:09:29.084Z"}
{"level":"info","message":"Данные получены","timestamp":"2025-05-11T17:09:37.594Z"}
{"level":"info","message":"Данные получены","timestamp":"2025-05-11T17:09:37.594Z"}
{"level":"info","message":"Данные получены","timestamp":"2025-05-11T17:11:04.533Z"}
{"level":"info","message":"Данные получены","timestamp":"2025-05-11T17:11:04.536Z"}
{"level":"info","message":"Данные получены","timestamp":"2025-05-11T17:11:41.229Z"}
{"level":"info","message":"Данные получены","timestamp":"2025-05-11T17:11:41.231Z"}
{"level":"info","message":"Данные получены","timestamp":"2025-05-11T17:11:45.219Z"}
{"level":"info","message":"Данные получены","timestamp":"2025-05-11T17:11:45.219Z"}
{"level":"info","message":"Данные получены","timestamp":"2025-05-11T17:12:28.231Z"}
{"level":"info","message":"Данные получены","timestamp":"2025-05-11T17:12:28.231Z"}
{"level":"info","message":"Данные получены","timestamp":"2025-05-11T17:13:25.799Z"}
{"level":"info","message":"Данные получены","timestamp":"2025-05-11T17:13:25.801Z"}
{"level":"info","message":"Данные получены","timestamp":"2025-05-11T17:14:44.384Z"}
{"level":"info","message":"Данные получены","timestamp":"2025-05-11T17:14:44.386Z"}
{"level":"info","message":"Данные получены","timestamp":"2025-05-11T17:14:44.456Z"}
{"level":"info","message":"Данные получены","timestamp":"2025-05-11T17:14:44.456Z"}
{"level":"info","message":"Данные получены","timestamp":"2025-05-11T17:14:44.498Z"}
{"level":"info","message":"Данные получены","timestamp":"2025-05-11T17:14:44.498Z"}
{"level":"info","message":"Данные получены","timestamp":"2025-05-11T17:15:46.883Z"}
{"level":"info","message":"Данные получены","timestamp":"2025-05-11T17:15:46.884Z"}
{"level":"info","message":"Данные получены","timestamp":"2025-05-11T17:15:58.533Z"}
{"level":"info","message":"Данные получены","timestamp":"2025-05-11T17:15:58.534Z"}
{"level":"info","message":"Данные получены","timestamp":"2025-05-11T17:16:26.549Z"}
{"level":"info","message":"Данные получены","timestamp":"2025-05-11T17:16:28.873Z"}
{"level":"info","message":"Данные получены","timestamp":"2025-05-11T17:18:28.230Z"}
{"level":"info","message":"Данные получены","timestamp":"2025-05-11T17:18:28.231Z"}
{"level":"info","message":"Данные получены","timestamp":"2025-05-11T17:18:40.226Z"}
{"level":"info","message":"Данные получены","timestamp":"2025-05-11T17:18:40.227Z"}
{"level":"info","message":"Данные получены","timestamp":"2025-05-11T17:19:02.223Z"}
{"level":"info","message":"Данные получены","timestamp":"2025-05-11T17:19:02.224Z"}
{"level":"info","message":"Данные получены","timestamp":"2025-05-11T17:20:29.227Z"}
{"level":"info","message":"Данные получены","timestamp":"2025-05-11T17:20:29.228Z"}
{"level":"info","message":"Данные получены","timestamp":"2025-05-11T17:20:39.230Z"}
{"level":"info","message":"Данные получены","timestamp":"2025-05-11T17:20:39.231Z"}
{"level":"info","message":"Данные получены","timestamp":"2025-05-11T17:20:41.215Z"}
{"level":"info","message":"Данные получены","timestamp":"2025-05-11T17:20:41.215Z"}
{"level":"info","message":"Данные получены","timestamp":"2025-05-11T17:21:21.230Z"}
{"level":"info","message":"Данные получены","timestamp":"2025-05-11T17:21:21.234Z"}
{"level":"info","message":"Данные получены","timestamp":"2025-05-11T17:21:23.216Z"}
{"level":"info","message":"Данные получены","timestamp":"2025-05-11T17:21:23.217Z"}
{"level":"info","message":"Данные получены","timestamp":"2025-05-11T17:22:06.217Z"}
{"level":"info","message":"Данные получены","timestamp":"2025-05-11T17:22:06.218Z"}
{"level":"info","message":"Данные получены","timestamp":"2025-05-11T17:22:30.149Z"}
{"level":"info","message":"Данные получены","timestamp":"2025-05-11T17:22:30.158Z"}
{"level":"info","message":"Данные получены","timestamp":"2025-05-11T17:23:35.219Z"}
{"level":"info","message":"Данные получены","timestamp":"2025-05-11T17:23:35.219Z"}
{"level":"info","message":"Данные получены","timestamp":"2025-05-11T17:23:51.205Z"}
{"level":"info","message":"Данные получены","timestamp":"2025-05-11T17:23:51.207Z"}
{"level":"info","message":"Данные получены","timestamp":"2025-05-11T17:24:38.932Z"}
{"level":"info","message":"Данные получены","timestamp":"2025-05-11T17:24:38.934Z"}
{"level":"info","message":"Данные получены","timestamp":"2025-05-11T17:26:32.362Z"}
{"level":"info","message":"Данные получены","timestamp":"2025-05-11T17:26:32.364Z"}
{"level":"info","message":"Данные получены","timestamp":"2025-05-11T17:28:22.392Z"}
{"level":"info","message":"Данные получены","timestamp":"2025-05-11T17:28:22.393Z"}
{"level":"info","message":"Данные получены","timestamp":"2025-05-11T17:28:34.907Z"}
{"level":"info","message":"Данные получены","timestamp":"2025-05-11T17:28:34.908Z"}
{"level":"info","message":"Данные получены","timestamp":"2025-05-11T17:28:43.558Z"}
{"level":"info","message":"Данные получены","timestamp":"2025-05-11T17:28:43.558Z"}
{"level":"info","message":"Данные получены","timestamp":"2025-05-11T17:28:48.542Z"}
{"level":"info","message":"Данные получены","timestamp":"2025-05-11T17:28:48.542Z"}
{"level":"info","message":"Данные получены","timestamp":"2025-05-11T17:29:36.049Z"}
{"level":"info","message":"Данные получены","timestamp":"2025-05-11T17:29:36.059Z"}
{"level":"info","message":"Данные получены","timestamp":"2025-05-11T17:30:01.027Z"}
{"level":"info","message":"Данные получены","timestamp":"2025-05-11T17:30:06.697Z"}
{"level":"info","message":"Данные получены","timestamp":"2025-05-11T17:30:19.988Z"}
{"level":"info","message":"Данные получены","timestamp":"2025-05-11T17:30:19.989Z"}
{"level":"info","message":"Данные получены","timestamp":"2025-05-11T17:30:24.072Z"}
{"level":"info","message":"Данные получены","timestamp":"2025-05-11T17:30:24.072Z"}
{"level":"info","message":"Данные получены","timestamp":"2025-05-11T17:31:37.132Z"}
{"level":"info","message":"Данные получены","timestamp":"2025-05-11T17:31:37.133Z"}
{"level":"info","message":"Данные получены","timestamp":"2025-05-11T17:31:45.616Z"}
{"level":"info","message":"Данные получены","timestamp":"2025-05-11T17:31:45.617Z"}
{"level":"info","message":"Данные получены","timestamp":"2025-05-11T17:31:46.936Z"}
{"level":"info","message":"Данные получены","timestamp":"2025-05-11T17:31:46.938Z"}
{"level":"info","message":"Данные получены","timestamp":"2025-05-11T17:31:51.649Z"}
{"level":"info","message":"Данные получены","timestamp":"2025-05-11T17:31:51.650Z"}
